<?xml version="1.0" encoding="UTF-8"?>
<testsuite xmlns:xsi="http://www.w3.org/2001/XMLSchema-instance" xsi:noNamespaceSchemaLocation="https://maven.apache.org/surefire/maven-surefire-plugin/xsd/surefire-test-report-3.0.xsd" version="3.0" name="com.bookkeeper.service.FarmerServiceTest" time="0.038" tests="11" errors="0" skipped="0" failures="0">
  <properties>
[...]
</properties>
  <testcase name="testListFarmers" classname="com.bookkeeper.service.FarmerServiceTest" time="0.012"/>
  <testcase name="testRecordRepaymentSuccess" classname="com.bookkeeper.service.FarmerServiceTest" time="0.001"/>
  <testcase name="testUpdateFarmer" classname="com.bookkeeper.service.FarmerServiceTest" time="0.001"/>
  <testcase name="testRemoveFarmer" classname="com.bookkeeper.service.FarmerServiceTest" time="0.001"/>
  <testcase name="testRemoveNonexistent" classname="com.bookkeeper.service.FarmerServiceTest" time="0.001"/>
  <testcase name="testRecordAdvanceOverLimit" classname="com.bookkeeper.service.FarmerServiceTest" time="0.001"/>
  <testcase name="testIdUniqueness" classname="com.bookkeeper.service.FarmerServiceTest" time="0"/>
  <testcase name="testRecordAdvanceSuccess" classname="com.bookkeeper.service.FarmerServiceTest" time="0.001"/>
  <testcase name="testRecordRepaymentBelowZero" classname="com.bookkeeper.service.FarmerServiceTest" time="0"/>
  <testcase name="testUpdateNonexistent" classname="com.bookkeeper.service.FarmerServiceTest" time="0"/>
  <testcase name="testAddAndGetFarmer" classname="com.bookkeeper.service.FarmerServiceTest" time="0.001"/>
</testsuite>